2020-05-18 17:24:28,168 - BasePage - INFO - wait for 5 seconds.
2020-05-18 17:24:28,294 - BasePage - INFO - Had type ' x8494149x ' in inputBox
2020-05-18 17:24:28,307 - BasePage - INFO - wait for 5 seconds.
2020-05-18 17:24:28,410 - BasePage - INFO - Had type ' qweASD*963. ' in inputBox
2020-05-18 17:24:28,472 - BasePage - INFO - The element '' was clicked.
2020-05-18 17:24:28,472 - cloud_page - INFO - show results!
2020-05-18 17:24:30,473 - BasePage - INFO - Sleep for 2 seconds
2020-05-18 17:24:43,107 - BasePage - INFO - wait for 5 seconds.
2020-05-18 17:24:43,218 - BasePage - INFO - Had type ' x8494149 ' in inputBox
2020-05-18 17:24:43,228 - BasePage - INFO - wait for 5 seconds.
2020-05-18 17:24:43,326 - BasePage - INFO - Had type ' qweASD*963. ' in inputBox
2020-05-18 17:24:43,406 - BasePage - INFO - The element '' was clicked.
2020-05-18 17:24:43,406 - cloud_page - INFO - show results!
2020-05-18 17:24:45,407 - BasePage - INFO - Sleep for 2 seconds
2020-05-18 17:25:08,746 - BasePage - INFO - wait for 5 seconds.
2020-05-18 17:25:08,865 - BasePage - INFO - Had type ' x8494149x ' in inputBox
2020-05-18 17:25:08,877 - BasePage - INFO - wait for 5 seconds.
2020-05-18 17:25:08,949 - BasePage - INFO - Had type ' qweASD ' in inputBox
2020-05-18 17:25:09,023 - BasePage - INFO - The element '' was clicked.
2020-05-18 17:25:09,024 - cloud_page - INFO - show results!
2020-05-18 17:25:11,025 - BasePage - INFO - Sleep for 2 seconds
