2020-05-18 20:59:10,692 - BasePage - INFO - wait for 5 seconds.
2020-05-18 20:59:10,816 - BasePage - INFO - Had type ' x8494149x ' in inputBox
2020-05-18 20:59:10,829 - BasePage - INFO - wait for 5 seconds.
2020-05-18 20:59:10,934 - BasePage - INFO - Had type ' qweASD*963. ' in inputBox
2020-05-18 20:59:11,700 - BasePage - INFO - The element '<selenium.webdriver.remote.webelement.WebElement (session="c40ab4e97c271f2dc0dd2d76441061ff", element="2327687c-f83a-4ecd-a880-b1f3ae051076")>' was clicked.
2020-05-18 20:59:11,700 - cloud_page - INFO - show results!
2020-05-18 20:59:13,701 - BasePage - INFO - Sleep for 2 seconds
2020-05-18 20:59:37,968 - BasePage - INFO - wait for 5 seconds.
2020-05-18 20:59:38,083 - BasePage - INFO - Had type ' x8494149 ' in inputBox
2020-05-18 20:59:38,094 - BasePage - INFO - wait for 5 seconds.
2020-05-18 20:59:38,208 - BasePage - INFO - Had type ' qweASD*963. ' in inputBox
2020-05-18 20:59:38,554 - BasePage - INFO - The element '<selenium.webdriver.remote.webelement.WebElement (session="0bf09bf91e65e1a2ec185592a46cdf5c", element="e30903ef-c6bc-4ab5-a9a8-be71b2c0b951")>' was clicked.
2020-05-18 20:59:38,554 - cloud_page - INFO - show results!
2020-05-18 20:59:40,555 - BasePage - INFO - Sleep for 2 seconds
2020-05-18 20:59:40,567 - BasePage - INFO - wait for 5 seconds.
2020-05-18 20:59:40,586 - BasePage - INFO - Get text information:' ’À∫≈ªÚ√‹¬Î¥ÌŒÛ ' successfully !!
2020-05-18 20:59:40,586 - cloud_page - INFO - show text:’À∫≈ªÚ√‹¬Î¥ÌŒÛ
2020-05-18 20:59:53,298 - BasePage - INFO - wait for 5 seconds.
2020-05-18 20:59:53,420 - BasePage - INFO - Had type ' x8494149x ' in inputBox
2020-05-18 20:59:53,432 - BasePage - INFO - wait for 5 seconds.
2020-05-18 20:59:53,520 - BasePage - INFO - Had type ' qweASD ' in inputBox
2020-05-18 20:59:53,767 - BasePage - INFO - The element '<selenium.webdriver.remote.webelement.WebElement (session="0904a24aeba89e558f0643ae65ee0138", element="fd36e0bc-d6cd-4cca-a769-96680fcb6afe")>' was clicked.
2020-05-18 20:59:53,767 - cloud_page - INFO - show results!
2020-05-18 20:59:55,768 - BasePage - INFO - Sleep for 2 seconds
2020-05-18 20:59:55,780 - BasePage - INFO - wait for 5 seconds.
2020-05-18 20:59:55,800 - BasePage - INFO - Get text information:' ’À∫≈ªÚ√‹¬Î¥ÌŒÛ ' successfully !!
2020-05-18 20:59:55,800 - cloud_page - INFO - show text:’À∫≈ªÚ√‹¬Î¥ÌŒÛ
